<?xml version="1.0" encoding="UTF-8"?>
<!-- Generated by org.testng.reporters.JUnitReportReporter -->
<testsuite hostname="vj-PC" name="AppTest2" tests="1" failures="0" timestamp="7 Aug 2016 07:35:43 GMT" time="72.418" errors="0">
  <testcase name="AppTest" time="72.418" classname="AppTest2"/>
</testsuite> <!-- AppTest2 -->
