<?xml version="1.0" encoding="UTF-8"?>
<!-- Generated by org.testng.reporters.JUnitReportReporter -->
<testsuite hostname="vj-PC" name="Amazon" tests="1" failures="0" timestamp="7 Aug 2016 08:20:54 GMT" time="26.820" errors="0">
  <testcase name="AppTest" time="26.820" classname="Amazon"/>
</testsuite> <!-- Amazon -->
