<?xml version="1.0" encoding="UTF-8"?>
<!-- Generated by org.testng.reporters.JUnitReportReporter -->
<testsuite hostname="vj-PC" name="MobileWeb" tests="1" failures="0" timestamp="7 Aug 2016 09:24:48 GMT" time="25.007" errors="0">
  <testcase name="AppTest" time="25.007" classname="MobileWeb"/>
</testsuite> <!-- MobileWeb -->
